# JRE version: OpenJDK Runtime Environment (8.0_282-b08) (build 1.8.0_282-b08)
# Java VM: OpenJDK 64-Bit Server VM (25.282-b08 mixed mode linux-amd64 compressed oops)
Heap:
 PSYoungGen      total 2279936K, used 2279904K [0x0000000715580000, 0x00000007b2a00000, 0x00000007c0000000)
  eden space 2064896K, 100% used [0x0000000715580000,0x0000000793600000,0x0000000793600000)
  from space 215040K, 99% used [0x00000007a2980000,0x00000007afb78050,0x00000007afb80000)
  to   space 249344K, 99% used [0x0000000793600000,0x00000007a297f5f0,0x00000007a2980000)
 ParOldGen       total 749568K, used 749546K [0x00000005c0000000, 0x00000005edc00000, 0x0000000715580000)
  object space 749568K, 99% used [0x00000005c0000000,0x00000005edbfabd0,0x00000005edc00000)
 Metaspace       used 118403K, capacity 121804K, committed 122112K, reserved 1150976K
  class space    used 19543K, capacity 20716K, committed 20736K, reserved 1048576K
GC Heap History (10 events):
Event: 89.071 GC heap after
Heap after GC invocations=51 (full 7):
 PSYoungGen      total 1936384K, used 117494K [0x0000000715580000, 0x0000000798200000, 0x00000007c0000000)
  eden space 1733120K, 0% used [0x0000000715580000,0x0000000715580000,0x000000077f200000)
  from space 203264K, 57% used [0x000000078b680000,0x000000079293d970,0x0000000797d00000)
  to   space 201216K, 0% used [0x000000077f200000,0x000000077f200000,0x000000078b680000)
 ParOldGen       total 749568K, used 670175K [0x00000005c0000000, 0x00000005edc00000, 0x0000000715580000)
  object space 749568K, 89% used [0x00000005c0000000,0x00000005e8e77c58,0x00000005edc00000)
 Metaspace       used 105061K, capacity 107902K, committed 108544K, reserved 1140736K
  class space    used 16901K, capacity 17843K, committed 17920K, reserved 1048576K
}
Event: 89.846 GC heap before
{Heap before GC invocations=52 (full 7):
 PSYoungGen      total 1936384K, used 1850614K [0x0000000715580000, 0x0000000798200000, 0x00000007c0000000)
  eden space 1733120K, 100% used [0x0000000715580000,0x000000077f200000,0x000000077f200000)
  from space 203264K, 57% used [0x000000078b680000,0x000000079293d970,0x0000000797d00000)
  to   space 201216K, 0% used [0x000000077f200000,0x000000077f200000,0x000000078b680000)
 ParOldGen       total 749568K, used 670175K [0x00000005c0000000, 0x00000005edc00000, 0x0000000715580000)
  object space 749568K, 89% used [0x00000005c0000000,0x00000005e8e77c58,0x00000005edc00000)
 Metaspace       used 105062K, capacity 107902K, committed 108544K, reserved 1140736K
  class space    used 16901K, capacity 17843K, committed 17920K, reserved 1048576K
Event: 89.915 GC heap after
Heap after GC invocations=52 (full 7):
 PSYoungGen      total 1934336K, used 153120K [0x0000000715580000, 0x00000007a4d80000, 0x00000007c0000000)
  eden space 1733120K, 0% used [0x0000000715580000,0x0000000715580000,0x000000077f200000)
  from space 201216K, 76% used [0x000000077f200000,0x0000000788788080,0x000000078b680000)
  to   space 211968K, 0% used [0x0000000797e80000,0x0000000797e80000,0x00000007a4d80000)
 ParOldGen       total 749568K, used 670175K [0x00000005c0000000, 0x00000005edc00000, 0x0000000715580000)
  object space 749568K, 89% used [0x00000005c0000000,0x00000005e8e77c58,0x00000005edc00000)
 Metaspace       used 105062K, capacity 107902K, committed 108544K, reserved 1140736K
  class space    used 16901K, capacity 17843K, committed 17920K, reserved 1048576K
}
Event: 90.749 GC heap before
{Heap before GC invocations=53 (full 7):
 PSYoungGen      total 1934336K, used 1886240K [0x0000000715580000, 0x00000007a4d80000, 0x00000007c0000000)
  eden space 1733120K, 100% used [0x0000000715580000,0x000000077f200000,0x000000077f200000)
  from space 201216K, 76% used [0x000000077f200000,0x0000000788788080,0x000000078b680000)
  to   space 211968K, 0% used [0x0000000797e80000,0x0000000797e80000,0x00000007a4d80000)
 ParOldGen       total 749568K, used 670175K [0x00000005c0000000, 0x00000005edc00000, 0x0000000715580000)
  object space 749568K, 89% used [0x00000005c0000000,0x00000005e8e77c58,0x00000005edc00000)
 Metaspace       used 105062K, capacity 107902K, committed 108544K, reserved 1140736K
  class space    used 16901K, capacity 17843K, committed 17920K, reserved 1048576K
Event: 90.777 GC heap after
Heap after GC invocations=53 (full 7):
 PSYoungGen      total 2113536K, used 126414K [0x0000000715580000, 0x00000007a3f80000, 0x00000007c0000000)
  eden space 1915904K, 0% used [0x0000000715580000,0x0000000715580000,0x000000078a480000)
  from space 197632K, 63% used [0x0000000797e80000,0x000000079f9f3860,0x00000007a3f80000)
  to   space 210432K, 0% used [0x000000078a480000,0x000000078a480000,0x0000000797200000)
 ParOldGen       total 749568K, used 670183K [0x00000005c0000000, 0x00000005edc00000, 0x0000000715580000)
  object space 749568K, 89% used [0x00000005c0000000,0x00000005e8e79c58,0x00000005edc00000)
 Metaspace       used 105062K, capacity 107902K, committed 108544K, reserved 1140736K
  class space    used 16901K, capacity 17843K, committed 17920K, reserved 1048576K
}
Event: 92.160 GC heap before
{Heap before GC invocations=54 (full 7):
 PSYoungGen      total 2113536K, used 2042318K [0x0000000715580000, 0x00000007a3f80000, 0x00000007c0000000)
  eden space 1915904K, 100% used [0x0000000715580000,0x000000078a480000,0x000000078a480000)
  from space 197632K, 63% used [0x0000000797e80000,0x000000079f9f3860,0x00000007a3f80000)
  to   space 210432K, 0% used [0x000000078a480000,0x000000078a480000,0x0000000797200000)
 ParOldGen       total 749568K, used 670183K [0x00000005c0000000, 0x00000005edc00000, 0x0000000715580000)
  object space 749568K, 89% used [0x00000005c0000000,0x00000005e8e79c58,0x00000005edc00000)
 Metaspace       used 105138K, capacity 108016K, committed 108544K, reserved 1140736K
  class space    used 16907K, capacity 17878K, committed 17920K, reserved 1048576K
Event: 92.183 GC heap after
Heap after GC invocations=54 (full 7):
 PSYoungGen      total 2126336K, used 145028K [0x0000000715580000, 0x00000007afb80000, 0x00000007c0000000)
  eden space 1915904K, 0% used [0x0000000715580000,0x0000000715580000,0x000000078a480000)
  from space 210432K, 68% used [0x000000078a480000,0x0000000793221390,0x0000000797200000)
  to   space 215040K, 0% used [0x00000007a2980000,0x00000007a2980000,0x00000007afb80000)
 ParOldGen       total 749568K, used 670191K [0x00000005c0000000, 0x00000005edc00000, 0x0000000715580000)
  object space 749568K, 89% used [0x00000005c0000000,0x00000005e8e7bc58,0x00000005edc00000)
 Metaspace       used 105138K, capacity 108016K, committed 108544K, reserved 1140736K
  class space    used 16907K, capacity 17878K, committed 17920K, reserved 1048576K
}
Event: 103.075 GC heap before
{Heap before GC invocations=55 (full 7):
 PSYoungGen      total 2126336K, used 2060932K [0x0000000715580000, 0x00000007afb80000, 0x00000007c0000000)
  eden space 1915904K, 100% used [0x0000000715580000,0x000000078a480000,0x000000078a480000)
  from space 210432K, 68% used [0x000000078a480000,0x0000000793221390,0x0000000797200000)
  to   space 215040K, 0% used [0x00000007a2980000,0x00000007a2980000,0x00000007afb80000)
 ParOldGen       total 749568K, used 670191K [0x00000005c0000000, 0x00000005edc00000, 0x0000000715580000)
  object space 749568K, 89% used [0x00000005c0000000,0x00000005e8e7bc58,0x00000005edc00000)
 Metaspace       used 114755K, capacity 118166K, committed 118656K, reserved 1148928K
  class space    used 18841K, capacity 19981K, committed 20096K, reserved 1048576K
Event: 103.199 GC heap after
Heap after GC invocations=55 (full 7):
 PSYoungGen      total 2279936K, used 215008K [0x0000000715580000, 0x00000007b2a00000, 0x00000007c0000000)
  eden space 2064896K, 0% used [0x0000000715580000,0x0000000715580000,0x0000000793600000)
  from space 215040K, 99% used [0x00000007a2980000,0x00000007afb78050,0x00000007afb80000)
  to   space 249344K, 0% used [0x0000000793600000,0x0000000793600000,0x00000007a2980000)
 ParOldGen       total 749568K, used 683944K [0x00000005c0000000, 0x00000005edc00000, 0x0000000715580000)
  object space 749568K, 91% used [0x00000005c0000000,0x00000005e9bea3b8,0x00000005edc00000)
 Metaspace       used 114755K, capacity 118166K, committed 118656K, reserved 1148928K
  class space    used 18841K, capacity 19981K, committed 20096K, reserved 1048576K
}
Event: 115.102 GC heap before
{Heap before GC invocations=56 (full 7):
 PSYoungGen      total 2279936K, used 2279904K [0x0000000715580000, 0x00000007b2a00000, 0x00000007c0000000)
  eden space 2064896K, 100% used [0x0000000715580000,0x0000000793600000,0x0000000793600000)
  from space 215040K, 99% used [0x00000007a2980000,0x00000007afb78050,0x00000007afb80000)
  to   space 249344K, 0% used [0x0000000793600000,0x0000000793600000,0x00000007a2980000)
 ParOldGen       total 749568K, used 683944K [0x00000005c0000000, 0x00000005edc00000, 0x0000000715580000)
  object space 749568K, 91% used [0x00000005c0000000,0x00000005e9bea3b8,0x00000005edc00000)
 Metaspace       used 118403K, capacity 121804K, committed 122112K, reserved 1150976K
  class space    used 19543K, capacity 20716K, committed 20736K, reserved 1048576K

